<?xml version="1.0" encoding="UTF-8"?>
<testng-results skipped="0" failed="0" ignored="0" total="1" passed="1">
  <reporter-output>
  </reporter-output>
  <suite name="Default suite" duration-ms="104115" started-at="2020-05-20T12:02:20 IST" finished-at="2020-05-20T12:04:04 IST">
    <groups>
    </groups>
    <test name="Default test" duration-ms="104115" started-at="2020-05-20T12:02:20 IST" finished-at="2020-05-20T12:04:04 IST">
      <class name="TestCases.LoginUser">
        <test-method status="PASS" signature="beforeTest()[pri:0, instance:TestCases.LoginUser@1f57539]" name="beforeTest" is-config="true" duration-ms="9469" started-at="2020-05-20T12:02:20 IST" finished-at="2020-05-20T12:02:29 IST">
          <reporter-output>
          </reporter-output>
        </test-method> <!-- beforeTest -->
        <test-method status="PASS" signature="setUp()[pri:0, instance:TestCases.LoginUser@1f57539]" name="setUp" is-config="true" duration-ms="9199" started-at="2020-05-20T12:02:29 IST" finished-at="2020-05-20T12:02:38 IST">
          <reporter-output>
          </reporter-output>
        </test-method> <!-- setUp -->
        <test-method status="PASS" signature="Loginuser()[pri:0, instance:TestCases.LoginUser@1f57539]" name="Loginuser" duration-ms="82189" started-at="2020-05-20T12:02:39 IST" finished-at="2020-05-20T12:04:01 IST">
          <reporter-output>
          </reporter-output>
        </test-method> <!-- Loginuser -->
        <test-method status="PASS" signature="tearDown()[pri:0, instance:TestCases.LoginUser@1f57539]" name="tearDown" is-config="true" duration-ms="2137" started-at="2020-05-20T12:04:02 IST" finished-at="2020-05-20T12:04:04 IST">
          <reporter-output>
          </reporter-output>
        </test-method> <!-- tearDown -->
      </class> <!-- TestCases.LoginUser -->
    </test> <!-- Default test -->
  </suite> <!-- Default suite -->
</testng-results>
